[0.010s] Invoking command in '/home/kishore/ros2_pick_place_ws/build/robotic_arm_sim': CMAKE_PREFIX_PATH=${CMAKE_PREFIX_PATH}:/opt/ros/humble /usr/bin/cmake --build /home/kishore/ros2_pick_place_ws/build/robotic_arm_sim -- -j12 -l12
[0.052s] -- Found ament_cmake: 1.3.12 (/opt/ros/humble/share/ament_cmake/cmake)
[0.148s] -- Found rclcpp: 16.0.15 (/opt/ros/humble/share/rclcpp/cmake)
[0.172s] -- Found rosidl_generator_c: 3.1.7 (/opt/ros/humble/share/rosidl_generator_c/cmake)
[0.174s] -- Found rosidl_adapter: 3.1.7 (/opt/ros/humble/share/rosidl_adapter/cmake)
[0.178s] -- Found rosidl_generator_cpp: 3.1.7 (/opt/ros/humble/share/rosidl_generator_cpp/cmake)
[0.185s] -- Using all available rosidl_typesupport_c: rosidl_typesupport_fastrtps_c;rosidl_typesupport_introspection_c
[0.194s] -- Using all available rosidl_typesupport_cpp: rosidl_typesupport_fastrtps_cpp;rosidl_typesupport_introspection_cpp
[0.220s] -- Found rmw_implementation_cmake: 6.1.2 (/opt/ros/humble/share/rmw_implementation_cmake/cmake)
[0.221s] -- Found rmw_fastrtps_cpp: 6.2.8 (/opt/ros/humble/share/rmw_fastrtps_cpp/cmake)
[0.289s] -- Using RMW implementation 'rmw_fastrtps_cpp' as default
[0.324s] -- Found geometry_msgs: 4.9.0 (/opt/ros/humble/share/geometry_msgs/cmake)
[0.335s] -- Found tf2: 0.25.16 (/opt/ros/humble/share/tf2/cmake)
[0.338s] -- Found tf2_ros: 0.25.16 (/opt/ros/humble/share/tf2_ros/cmake)
[0.392s] -- Found gazebo_ros_pkgs: 3.9.0 (/opt/ros/humble/share/gazebo_ros_pkgs/cmake)
[0.392s] -- Found ament_lint_auto: 0.12.14 (/opt/ros/humble/share/ament_lint_auto/cmake)
[0.433s] -- Configuring done
[0.437s] -- Generating done
[0.438s] -- Build files have been written to: /home/kishore/ros2_pick_place_ws/build/robotic_arm_sim
[0.458s] Invoked command in '/home/kishore/ros2_pick_place_ws/build/robotic_arm_sim' returned '0': CMAKE_PREFIX_PATH=${CMAKE_PREFIX_PATH}:/opt/ros/humble /usr/bin/cmake --build /home/kishore/ros2_pick_place_ws/build/robotic_arm_sim -- -j12 -l12
[0.459s] Invoking command in '/home/kishore/ros2_pick_place_ws/build/robotic_arm_sim': CMAKE_PREFIX_PATH=${CMAKE_PREFIX_PATH}:/opt/ros/humble /usr/bin/cmake --install /home/kishore/ros2_pick_place_ws/build/robotic_arm_sim
[0.465s] -- Install configuration: ""
[0.465s] -- Up-to-date: /home/kishore/ros2_pick_place_ws/install/robotic_arm_sim/share/robotic_arm_sim/urdf
[0.465s] -- Installing: /home/kishore/ros2_pick_place_ws/install/robotic_arm_sim/share/robotic_arm_sim/urdf/gripper.urdf
[0.465s] -- Installing: /home/kishore/ros2_pick_place_ws/install/robotic_arm_sim/share/robotic_arm_sim/urdf/arm.urdf
[0.465s] -- Up-to-date: /home/kishore/ros2_pick_place_ws/install/robotic_arm_sim/share/robotic_arm_sim/launch
[0.465s] -- Up-to-date: /home/kishore/ros2_pick_place_ws/install/robotic_arm_sim/share/robotic_arm_sim/launch/arm_gazebo.launch.py
[0.465s] -- Installing: /home/kishore/ros2_pick_place_ws/install/robotic_arm_sim/share/robotic_arm_sim/launch/moveit.launch.py
[0.465s] -- Up-to-date: /home/kishore/ros2_pick_place_ws/install/robotic_arm_sim/lib/robotic_arm_sim/pick_place_controller.py
[0.465s] -- Installing: /home/kishore/ros2_pick_place_ws/install/robotic_arm_sim/lib/robotic_arm_sim/gripper_controller.py
[0.465s] -- Installing: /home/kishore/ros2_pick_place_ws/install/robotic_arm_sim/lib/robotic_arm_sim/gripper_teleop.py
[0.466s] -- Up-to-date: /home/kishore/ros2_pick_place_ws/install/robotic_arm_sim/share/ament_index/resource_index/package_run_dependencies/robotic_arm_sim
[0.466s] -- Installing: /home/kishore/ros2_pick_place_ws/install/robotic_arm_sim/share/ament_index/resource_index/parent_prefix_path/robotic_arm_sim
[0.466s] -- Up-to-date: /home/kishore/ros2_pick_place_ws/install/robotic_arm_sim/share/robotic_arm_sim/environment/ament_prefix_path.sh
[0.466s] -- Installing: /home/kishore/ros2_pick_place_ws/install/robotic_arm_sim/share/robotic_arm_sim/environment/ament_prefix_path.dsv
[0.466s] -- Up-to-date: /home/kishore/ros2_pick_place_ws/install/robotic_arm_sim/share/robotic_arm_sim/environment/path.sh
[0.466s] -- Installing: /home/kishore/ros2_pick_place_ws/install/robotic_arm_sim/share/robotic_arm_sim/environment/path.dsv
[0.466s] -- Up-to-date: /home/kishore/ros2_pick_place_ws/install/robotic_arm_sim/share/robotic_arm_sim/local_setup.bash
[0.466s] -- Up-to-date: /home/kishore/ros2_pick_place_ws/install/robotic_arm_sim/share/robotic_arm_sim/local_setup.sh
[0.466s] -- Up-to-date: /home/kishore/ros2_pick_place_ws/install/robotic_arm_sim/share/robotic_arm_sim/local_setup.zsh
[0.467s] -- Installing: /home/kishore/ros2_pick_place_ws/install/robotic_arm_sim/share/robotic_arm_sim/local_setup.dsv
[0.467s] -- Installing: /home/kishore/ros2_pick_place_ws/install/robotic_arm_sim/share/robotic_arm_sim/package.dsv
[0.467s] -- Up-to-date: /home/kishore/ros2_pick_place_ws/install/robotic_arm_sim/share/ament_index/resource_index/packages/robotic_arm_sim
[0.467s] -- Up-to-date: /home/kishore/ros2_pick_place_ws/install/robotic_arm_sim/share/robotic_arm_sim/cmake/robotic_arm_simConfig.cmake
[0.467s] -- Up-to-date: /home/kishore/ros2_pick_place_ws/install/robotic_arm_sim/share/robotic_arm_sim/cmake/robotic_arm_simConfig-version.cmake
[0.467s] -- Up-to-date: /home/kishore/ros2_pick_place_ws/install/robotic_arm_sim/share/robotic_arm_sim/package.xml
[0.468s] Invoked command in '/home/kishore/ros2_pick_place_ws/build/robotic_arm_sim' returned '0': CMAKE_PREFIX_PATH=${CMAKE_PREFIX_PATH}:/opt/ros/humble /usr/bin/cmake --install /home/kishore/ros2_pick_place_ws/build/robotic_arm_sim
