[0.010s] Invoking command in '/home/kishore/ros2_pick_place_ws/build/robotic_arm_sim': CMAKE_PREFIX_PATH=${CMAKE_PREFIX_PATH}:/opt/ros/humble /usr/bin/cmake --build /home/kishore/ros2_pick_place_ws/build/robotic_arm_sim -- -j12 -l12
[0.036s] -- Found ament_cmake: 1.3.12 (/opt/ros/humble/share/ament_cmake/cmake)
[0.148s] -- Found rclcpp: 16.0.15 (/opt/ros/humble/share/rclcpp/cmake)
[0.167s] -- Found rosidl_generator_c: 3.1.7 (/opt/ros/humble/share/rosidl_generator_c/cmake)
[0.168s] -- Found rosidl_adapter: 3.1.7 (/opt/ros/humble/share/rosidl_adapter/cmake)
[0.172s] -- Found rosidl_generator_cpp: 3.1.7 (/opt/ros/humble/share/rosidl_generator_cpp/cmake)
[0.180s] -- Using all available rosidl_typesupport_c: rosidl_typesupport_fastrtps_c;rosidl_typesupport_introspection_c
[0.189s] -- Using all available rosidl_typesupport_cpp: rosidl_typesupport_fastrtps_cpp;rosidl_typesupport_introspection_cpp
[0.212s] -- Found rmw_implementation_cmake: 6.1.2 (/opt/ros/humble/share/rmw_implementation_cmake/cmake)
[0.213s] -- Found rmw_fastrtps_cpp: 6.2.8 (/opt/ros/humble/share/rmw_fastrtps_cpp/cmake)
[0.294s] -- Using RMW implementation 'rmw_fastrtps_cpp' as default
[0.337s] -- Found geometry_msgs: 4.9.0 (/opt/ros/humble/share/geometry_msgs/cmake)
[0.346s] -- Found tf2: 0.25.16 (/opt/ros/humble/share/tf2/cmake)
[0.350s] -- Found tf2_ros: 0.25.16 (/opt/ros/humble/share/tf2_ros/cmake)
[0.404s] -- Found gazebo_ros_pkgs: 3.9.0 (/opt/ros/humble/share/gazebo_ros_pkgs/cmake)
[0.404s] -- Found ament_lint_auto: 0.12.14 (/opt/ros/humble/share/ament_lint_auto/cmake)
[0.456s] -- Configuring done
[0.459s] -- Generating done
[0.461s] -- Build files have been written to: /home/kishore/ros2_pick_place_ws/build/robotic_arm_sim
[0.487s] Invoked command in '/home/kishore/ros2_pick_place_ws/build/robotic_arm_sim' returned '0': CMAKE_PREFIX_PATH=${CMAKE_PREFIX_PATH}:/opt/ros/humble /usr/bin/cmake --build /home/kishore/ros2_pick_place_ws/build/robotic_arm_sim -- -j12 -l12
[0.488s] Invoking command in '/home/kishore/ros2_pick_place_ws/build/robotic_arm_sim': CMAKE_PREFIX_PATH=${CMAKE_PREFIX_PATH}:/opt/ros/humble /usr/bin/cmake --install /home/kishore/ros2_pick_place_ws/build/robotic_arm_sim
[0.496s] -- Install configuration: ""
[0.496s] -- Up-to-date: /home/kishore/ros2_pick_place_ws/install/robotic_arm_sim/share/robotic_arm_sim/urdf
[0.496s] -- Up-to-date: /home/kishore/ros2_pick_place_ws/install/robotic_arm_sim/share/robotic_arm_sim/urdf/gripper.urdf
[0.496s] -- Up-to-date: /home/kishore/ros2_pick_place_ws/install/robotic_arm_sim/share/robotic_arm_sim/urdf/arm.urdf
[0.496s] -- Up-to-date: /home/kishore/ros2_pick_place_ws/install/robotic_arm_sim/share/robotic_arm_sim/launch
[0.497s] -- Up-to-date: /home/kishore/ros2_pick_place_ws/install/robotic_arm_sim/share/robotic_arm_sim/launch/arm_gazebo.launch.py
[0.497s] -- Up-to-date: /home/kishore/ros2_pick_place_ws/install/robotic_arm_sim/share/robotic_arm_sim/launch/moveit.launch.py
[0.497s] -- Up-to-date: /home/kishore/ros2_pick_place_ws/install/robotic_arm_sim/lib/robotic_arm_sim/pick_place_controller.py
[0.497s] -- Up-to-date: /home/kishore/ros2_pick_place_ws/install/robotic_arm_sim/lib/robotic_arm_sim/gripper_controller.py
[0.497s] -- Up-to-date: /home/kishore/ros2_pick_place_ws/install/robotic_arm_sim/lib/robotic_arm_sim/simple_gripper_test.py
[0.497s] -- Installing: /home/kishore/ros2_pick_place_ws/install/robotic_arm_sim/lib/robotic_arm_sim/gripper_direct_control.py
[0.497s] [31mCMake Error at cmake_install.cmake:54 (file):
[0.497s]   file INSTALL cannot find
[0.498s]   "/home/kishore/ros2_pick_place_ws/src/robotic_arm_sim/src/continuous_gripper.py":
[0.498s]   No such file or directory.
[0.498s] 
[0.498s] [0m
[0.498s] Invoked command in '/home/kishore/ros2_pick_place_ws/build/robotic_arm_sim' returned '1': CMAKE_PREFIX_PATH=${CMAKE_PREFIX_PATH}:/opt/ros/humble /usr/bin/cmake --install /home/kishore/ros2_pick_place_ws/build/robotic_arm_sim
