[0.098s] DEBUG:colcon:Command line arguments: ['/usr/bin/colcon', 'build']
[0.098s] DEBUG:colcon:Parsed command line arguments: Namespace(log_base=None, log_level=None, verb_name='build', build_base='build', install_base='install', merge_install=False, symlink_install=False, test_result_base=None, continue_on_error=False, executor='parallel', parallel_workers=12, event_handlers=None, ignore_user_meta=False, metas=['./colcon.meta'], base_paths=['.'], packages_ignore=None, packages_ignore_regex=None, paths=None, packages_up_to=None, packages_up_to_regex=None, packages_above=None, packages_above_and_dependencies=None, packages_above_depth=None, packages_select_by_dep=None, packages_skip_by_dep=None, packages_skip_up_to=None, packages_select_build_failed=False, packages_skip_build_finished=False, packages_select_test_failures=False, packages_skip_test_passed=False, packages_select=None, packages_skip=None, packages_select_regex=None, packages_skip_regex=None, packages_start=None, packages_end=None, allow_overriding=[], cmake_args=None, cmake_target=None, cmake_target_skip_unavailable=False, cmake_clean_cache=False, cmake_clean_first=False, cmake_force_configure=False, ament_cmake_args=None, catkin_cmake_args=None, catkin_skip_building_tests=False, mixin_files=None, mixin=None, verb_parser=<colcon_mixin.mixin.mixin_argument.MixinArgumentDecorator object at 0x79c0b1e66620>, verb_extension=<colcon_core.verb.build.BuildVerb object at 0x79c0b1f5f610>, main=<bound method BuildVerb.main of <colcon_core.verb.build.BuildVerb object at 0x79c0b1f5f610>>, mixin_verb=('build',))
[0.210s] Level 1:colcon.colcon_core.package_discovery:discover_packages(colcon_meta) check parameters
[0.210s] Level 1:colcon.colcon_core.package_discovery:discover_packages(recursive) check parameters
[0.210s] Level 1:colcon.colcon_core.package_discovery:discover_packages(ignore) check parameters
[0.210s] Level 1:colcon.colcon_core.package_discovery:discover_packages(path) check parameters
[0.210s] Level 1:colcon.colcon_core.package_discovery:discover_packages(colcon_meta) discover
[0.210s] Level 1:colcon.colcon_core.package_discovery:discover_packages(recursive) discover
[0.210s] INFO:colcon.colcon_core.package_discovery:Crawling recursively for packages in '/home/kishore/ros2_pick_place_ws'
[0.210s] Level 1:colcon.colcon_core.package_identification:_identify(.) by extensions ['ignore', 'ignore_ament_install']
[0.210s] Level 1:colcon.colcon_core.package_identification:_identify(.) by extension 'ignore'
[0.210s] Level 1:colcon.colcon_core.package_identification:_identify(.) by extension 'ignore_ament_install'
[0.210s] Level 1:colcon.colcon_core.package_identification:_identify(.) by extensions ['colcon_pkg']
[0.210s] Level 1:colcon.colcon_core.package_identification:_identify(.) by extension 'colcon_pkg'
[0.210s] Level 1:colcon.colcon_core.package_identification:_identify(.) by extensions ['colcon_meta']
[0.210s] Level 1:colcon.colcon_core.package_identification:_identify(.) by extension 'colcon_meta'
[0.210s] Level 1:colcon.colcon_core.package_identification:_identify(.) by extensions ['ros']
[0.210s] Level 1:colcon.colcon_core.package_identification:_identify(.) by extension 'ros'
[0.217s] Level 1:colcon.colcon_core.package_identification:_identify(.) by extensions ['cmake', 'python']
[0.217s] Level 1:colcon.colcon_core.package_identification:_identify(.) by extension 'cmake'
[0.218s] Level 1:colcon.colcon_core.package_identification:_identify(.) by extension 'python'
[0.218s] Level 1:colcon.colcon_core.package_identification:_identify(.) by extensions ['python_setup_py']
[0.218s] Level 1:colcon.colcon_core.package_identification:_identify(.) by extension 'python_setup_py'
[0.218s] Level 1:colcon.colcon_core.package_identification:_identify(build) by extensions ['ignore', 'ignore_ament_install']
[0.218s] Level 1:colcon.colcon_core.package_identification:_identify(build) by extension 'ignore'
[0.218s] Level 1:colcon.colcon_core.package_identification:_identify(build) ignored
[0.218s] Level 1:colcon.colcon_core.package_identification:_identify(install) by extensions ['ignore', 'ignore_ament_install']
[0.218s] Level 1:colcon.colcon_core.package_identification:_identify(install) by extension 'ignore'
[0.218s] Level 1:colcon.colcon_core.package_identification:_identify(install) ignored
[0.218s] Level 1:colcon.colcon_core.package_identification:_identify(log) by extensions ['ignore', 'ignore_ament_install']
[0.218s] Level 1:colcon.colcon_core.package_identification:_identify(log) by extension 'ignore'
[0.218s] Level 1:colcon.colcon_core.package_identification:_identify(log) ignored
[0.218s] Level 1:colcon.colcon_core.package_identification:_identify(src) by extensions ['ignore', 'ignore_ament_install']
[0.218s] Level 1:colcon.colcon_core.package_identification:_identify(src) by extension 'ignore'
[0.218s] Level 1:colcon.colcon_core.package_identification:_identify(src) by extension 'ignore_ament_install'
[0.218s] Level 1:colcon.colcon_core.package_identification:_identify(src) by extensions ['colcon_pkg']
[0.218s] Level 1:colcon.colcon_core.package_identification:_identify(src) by extension 'colcon_pkg'
[0.218s] Level 1:colcon.colcon_core.package_identification:_identify(src) by extensions ['colcon_meta']
[0.218s] Level 1:colcon.colcon_core.package_identification:_identify(src) by extension 'colcon_meta'
[0.218s] Level 1:colcon.colcon_core.package_identification:_identify(src) by extensions ['ros']
[0.218s] Level 1:colcon.colcon_core.package_identification:_identify(src) by extension 'ros'
[0.219s] Level 1:colcon.colcon_core.package_identification:_identify(src) by extensions ['cmake', 'python']
[0.219s] Level 1:colcon.colcon_core.package_identification:_identify(src) by extension 'cmake'
[0.219s] Level 1:colcon.colcon_core.package_identification:_identify(src) by extension 'python'
[0.219s] Level 1:colcon.colcon_core.package_identification:_identify(src) by extensions ['python_setup_py']
[0.219s] Level 1:colcon.colcon_core.package_identification:_identify(src) by extension 'python_setup_py'
[0.219s] Level 1:colcon.colcon_core.package_identification:_identify(src/arm_gazebo) by extensions ['ignore', 'ignore_ament_install']
[0.219s] Level 1:colcon.colcon_core.package_identification:_identify(src/arm_gazebo) by extension 'ignore'
[0.219s] Level 1:colcon.colcon_core.package_identification:_identify(src/arm_gazebo) by extension 'ignore_ament_install'
[0.219s] Level 1:colcon.colcon_core.package_identification:_identify(src/arm_gazebo) by extensions ['colcon_pkg']
[0.219s] Level 1:colcon.colcon_core.package_identification:_identify(src/arm_gazebo) by extension 'colcon_pkg'
[0.219s] Level 1:colcon.colcon_core.package_identification:_identify(src/arm_gazebo) by extensions ['colcon_meta']
[0.219s] Level 1:colcon.colcon_core.package_identification:_identify(src/arm_gazebo) by extension 'colcon_meta'
[0.219s] Level 1:colcon.colcon_core.package_identification:_identify(src/arm_gazebo) by extensions ['ros']
[0.219s] Level 1:colcon.colcon_core.package_identification:_identify(src/arm_gazebo) by extension 'ros'
[0.222s] DEBUG:colcon.colcon_core.package_identification:Package 'src/arm_gazebo' with type 'ros.ament_cmake' and name 'arm_gazebo'
[0.222s] Level 1:colcon.colcon_core.package_identification:_identify(src/robotic_arm_sim) by extensions ['ignore', 'ignore_ament_install']
[0.222s] Level 1:colcon.colcon_core.package_identification:_identify(src/robotic_arm_sim) by extension 'ignore'
[0.222s] Level 1:colcon.colcon_core.package_identification:_identify(src/robotic_arm_sim) by extension 'ignore_ament_install'
[0.222s] Level 1:colcon.colcon_core.package_identification:_identify(src/robotic_arm_sim) by extensions ['colcon_pkg']
[0.222s] Level 1:colcon.colcon_core.package_identification:_identify(src/robotic_arm_sim) by extension 'colcon_pkg'
[0.222s] Level 1:colcon.colcon_core.package_identification:_identify(src/robotic_arm_sim) by extensions ['colcon_meta']
[0.222s] Level 1:colcon.colcon_core.package_identification:_identify(src/robotic_arm_sim) by extension 'colcon_meta'
[0.223s] Level 1:colcon.colcon_core.package_identification:_identify(src/robotic_arm_sim) by extensions ['ros']
[0.223s] Level 1:colcon.colcon_core.package_identification:_identify(src/robotic_arm_sim) by extension 'ros'
[0.223s] DEBUG:colcon.colcon_core.package_identification:Package 'src/robotic_arm_sim' with type 'ros.ament_cmake' and name 'robotic_arm_sim'
[0.223s] Level 1:colcon.colcon_core.package_discovery:discover_packages(recursive) using defaults
[0.223s] Level 1:colcon.colcon_core.package_discovery:discover_packages(ignore) discover
[0.223s] Level 1:colcon.colcon_core.package_discovery:discover_packages(ignore) using defaults
[0.223s] Level 1:colcon.colcon_core.package_discovery:discover_packages(path) discover
[0.223s] Level 1:colcon.colcon_core.package_discovery:discover_packages(path) using defaults
[0.246s] Level 1:colcon.colcon_core.package_discovery:discover_packages(prefix_path) check parameters
[0.246s] Level 1:colcon.colcon_core.package_discovery:discover_packages(prefix_path) discover
[0.247s] DEBUG:colcon.colcon_installed_package_information.package_discovery:Found 395 installed packages in /opt/ros/humble
[0.249s] Level 1:colcon.colcon_core.package_discovery:discover_packages(prefix_path) using defaults
[0.282s] Level 5:colcon.colcon_core.verb:set package 'arm_gazebo' build argument 'cmake_args' from command line to 'None'
[0.282s] Level 5:colcon.colcon_core.verb:set package 'arm_gazebo' build argument 'cmake_target' from command line to 'None'
[0.282s] Level 5:colcon.colcon_core.verb:set package 'arm_gazebo' build argument 'cmake_target_skip_unavailable' from command line to 'False'
[0.282s] Level 5:colcon.colcon_core.verb:set package 'arm_gazebo' build argument 'cmake_clean_cache' from command line to 'False'
[0.282s] Level 5:colcon.colcon_core.verb:set package 'arm_gazebo' build argument 'cmake_clean_first' from command line to 'False'
[0.282s] Level 5:colcon.colcon_core.verb:set package 'arm_gazebo' build argument 'cmake_force_configure' from command line to 'False'
[0.282s] Level 5:colcon.colcon_core.verb:set package 'arm_gazebo' build argument 'ament_cmake_args' from command line to 'None'
[0.282s] Level 5:colcon.colcon_core.verb:set package 'arm_gazebo' build argument 'catkin_cmake_args' from command line to 'None'
[0.282s] Level 5:colcon.colcon_core.verb:set package 'arm_gazebo' build argument 'catkin_skip_building_tests' from command line to 'False'
[0.282s] DEBUG:colcon.colcon_core.verb:Building package 'arm_gazebo' with the following arguments: {'ament_cmake_args': None, 'build_base': '/home/kishore/ros2_pick_place_ws/build/arm_gazebo', 'catkin_cmake_args': None, 'catkin_skip_building_tests': False, 'cmake_args': None, 'cmake_clean_cache': False, 'cmake_clean_first': False, 'cmake_force_configure': False, 'cmake_target': None, 'cmake_target_skip_unavailable': False, 'install_base': '/home/kishore/ros2_pick_place_ws/install/arm_gazebo', 'merge_install': False, 'path': '/home/kishore/ros2_pick_place_ws/src/arm_gazebo', 'symlink_install': False, 'test_result_base': None}
[0.283s] Level 5:colcon.colcon_core.verb:set package 'robotic_arm_sim' build argument 'cmake_args' from command line to 'None'
[0.283s] Level 5:colcon.colcon_core.verb:set package 'robotic_arm_sim' build argument 'cmake_target' from command line to 'None'
[0.283s] Level 5:colcon.colcon_core.verb:set package 'robotic_arm_sim' build argument 'cmake_target_skip_unavailable' from command line to 'False'
[0.283s] Level 5:colcon.colcon_core.verb:set package 'robotic_arm_sim' build argument 'cmake_clean_cache' from command line to 'False'
[0.283s] Level 5:colcon.colcon_core.verb:set package 'robotic_arm_sim' build argument 'cmake_clean_first' from command line to 'False'
[0.283s] Level 5:colcon.colcon_core.verb:set package 'robotic_arm_sim' build argument 'cmake_force_configure' from command line to 'False'
[0.283s] Level 5:colcon.colcon_core.verb:set package 'robotic_arm_sim' build argument 'ament_cmake_args' from command line to 'None'
[0.283s] Level 5:colcon.colcon_core.verb:set package 'robotic_arm_sim' build argument 'catkin_cmake_args' from command line to 'None'
[0.283s] Level 5:colcon.colcon_core.verb:set package 'robotic_arm_sim' build argument 'catkin_skip_building_tests' from command line to 'False'
[0.283s] DEBUG:colcon.colcon_core.verb:Building package 'robotic_arm_sim' with the following arguments: {'ament_cmake_args': None, 'build_base': '/home/kishore/ros2_pick_place_ws/build/robotic_arm_sim', 'catkin_cmake_args': None, 'catkin_skip_building_tests': False, 'cmake_args': None, 'cmake_clean_cache': False, 'cmake_clean_first': False, 'cmake_force_configure': False, 'cmake_target': None, 'cmake_target_skip_unavailable': False, 'install_base': '/home/kishore/ros2_pick_place_ws/install/robotic_arm_sim', 'merge_install': False, 'path': '/home/kishore/ros2_pick_place_ws/src/robotic_arm_sim', 'symlink_install': False, 'test_result_base': None}
[0.283s] INFO:colcon.colcon_core.executor:Executing jobs using 'parallel' executor
[0.284s] DEBUG:colcon.colcon_parallel_executor.executor.parallel:run_until_complete
[0.285s] INFO:colcon.colcon_ros.task.ament_cmake.build:Building ROS package in '/home/kishore/ros2_pick_place_ws/src/arm_gazebo' with build type 'ament_cmake'
[0.285s] INFO:colcon.colcon_cmake.task.cmake.build:Building CMake package in '/home/kishore/ros2_pick_place_ws/src/arm_gazebo'
[0.287s] INFO:colcon.colcon_core.plugin_system:Skipping extension 'colcon_core.shell.bat': Not used on non-Windows systems
[0.287s] INFO:colcon.colcon_core.shell:Skip shell extension 'powershell' for command environment: Not usable outside of PowerShell
[0.287s] DEBUG:colcon.colcon_core.shell:Skip shell extension 'dsv' for command environment
[0.290s] INFO:colcon.colcon_ros.task.ament_cmake.build:Building ROS package in '/home/kishore/ros2_pick_place_ws/src/robotic_arm_sim' with build type 'ament_cmake'
[0.290s] INFO:colcon.colcon_cmake.task.cmake.build:Building CMake package in '/home/kishore/ros2_pick_place_ws/src/robotic_arm_sim'
[0.290s] INFO:colcon.colcon_core.shell:Skip shell extension 'powershell' for command environment: Not usable outside of PowerShell
[0.290s] DEBUG:colcon.colcon_core.shell:Skip shell extension 'dsv' for command environment
[0.299s] DEBUG:colcon.colcon_core.event_handler.log_command:Invoking command in '/home/kishore/ros2_pick_place_ws/build/arm_gazebo': CMAKE_PREFIX_PATH=/opt/ros/humble /usr/bin/cmake --build /home/kishore/ros2_pick_place_ws/build/arm_gazebo -- -j12 -l12
[0.304s] DEBUG:colcon.colcon_core.event_handler.log_command:Invoking command in '/home/kishore/ros2_pick_place_ws/build/robotic_arm_sim': CMAKE_PREFIX_PATH=/opt/ros/humble /usr/bin/cmake --build /home/kishore/ros2_pick_place_ws/build/robotic_arm_sim -- -j12 -l12
[0.340s] DEBUG:colcon.colcon_core.event_handler.log_command:Invoked command in '/home/kishore/ros2_pick_place_ws/build/robotic_arm_sim' returned '0': CMAKE_PREFIX_PATH=/opt/ros/humble /usr/bin/cmake --build /home/kishore/ros2_pick_place_ws/build/robotic_arm_sim -- -j12 -l12
[0.352s] DEBUG:colcon.colcon_core.event_handler.log_command:Invoking command in '/home/kishore/ros2_pick_place_ws/build/robotic_arm_sim': CMAKE_PREFIX_PATH=/opt/ros/humble /usr/bin/cmake --install /home/kishore/ros2_pick_place_ws/build/robotic_arm_sim
[0.353s] DEBUG:colcon.colcon_core.event_handler.log_command:Invoked command in '/home/kishore/ros2_pick_place_ws/build/arm_gazebo' returned '0': CMAKE_PREFIX_PATH=/opt/ros/humble /usr/bin/cmake --build /home/kishore/ros2_pick_place_ws/build/arm_gazebo -- -j12 -l12
[0.355s] DEBUG:colcon.colcon_core.event_handler.log_command:Invoking command in '/home/kishore/ros2_pick_place_ws/build/arm_gazebo': CMAKE_PREFIX_PATH=/opt/ros/humble /usr/bin/cmake --install /home/kishore/ros2_pick_place_ws/build/arm_gazebo
[0.360s] Level 1:colcon.colcon_core.environment:create_environment_scripts_only(robotic_arm_sim)
[0.361s] DEBUG:colcon.colcon_core.event_handler.log_command:Invoked command in '/home/kishore/ros2_pick_place_ws/build/robotic_arm_sim' returned '0': CMAKE_PREFIX_PATH=/opt/ros/humble /usr/bin/cmake --install /home/kishore/ros2_pick_place_ws/build/robotic_arm_sim
[0.366s] Level 1:colcon.colcon_core.environment:checking '/home/kishore/ros2_pick_place_ws/install/robotic_arm_sim' for CMake module files
[0.367s] Level 1:colcon.colcon_core.environment:checking '/home/kishore/ros2_pick_place_ws/install/robotic_arm_sim' for CMake config files
[0.367s] Level 1:colcon.colcon_core.shell:create_environment_hook('robotic_arm_sim', 'cmake_prefix_path')
[0.368s] INFO:colcon.colcon_core.shell:Creating environment hook '/home/kishore/ros2_pick_place_ws/install/robotic_arm_sim/share/robotic_arm_sim/hook/cmake_prefix_path.ps1'
[0.368s] INFO:colcon.colcon_core.shell:Creating environment descriptor '/home/kishore/ros2_pick_place_ws/install/robotic_arm_sim/share/robotic_arm_sim/hook/cmake_prefix_path.dsv'
[0.369s] INFO:colcon.colcon_core.shell:Creating environment hook '/home/kishore/ros2_pick_place_ws/install/robotic_arm_sim/share/robotic_arm_sim/hook/cmake_prefix_path.sh'
[0.370s] Level 1:colcon.colcon_core.environment:checking '/home/kishore/ros2_pick_place_ws/install/robotic_arm_sim/lib'
[0.370s] Level 1:colcon.colcon_core.environment:checking '/home/kishore/ros2_pick_place_ws/install/robotic_arm_sim/bin'
[0.370s] Level 1:colcon.colcon_core.environment:checking '/home/kishore/ros2_pick_place_ws/install/robotic_arm_sim/lib/pkgconfig/robotic_arm_sim.pc'
[0.371s] Level 1:colcon.colcon_core.environment:checking '/home/kishore/ros2_pick_place_ws/install/robotic_arm_sim/lib/python3.10/site-packages'
[0.371s] Level 1:colcon.colcon_core.environment:checking '/home/kishore/ros2_pick_place_ws/install/robotic_arm_sim/bin'
[0.371s] INFO:colcon.colcon_core.shell:Creating package script '/home/kishore/ros2_pick_place_ws/install/robotic_arm_sim/share/robotic_arm_sim/package.ps1'
[0.372s] INFO:colcon.colcon_core.shell:Creating package descriptor '/home/kishore/ros2_pick_place_ws/install/robotic_arm_sim/share/robotic_arm_sim/package.dsv'
[0.372s] INFO:colcon.colcon_core.shell:Creating package script '/home/kishore/ros2_pick_place_ws/install/robotic_arm_sim/share/robotic_arm_sim/package.sh'
[0.373s] INFO:colcon.colcon_core.shell:Creating package script '/home/kishore/ros2_pick_place_ws/install/robotic_arm_sim/share/robotic_arm_sim/package.bash'
[0.373s] INFO:colcon.colcon_core.shell:Creating package script '/home/kishore/ros2_pick_place_ws/install/robotic_arm_sim/share/robotic_arm_sim/package.zsh'
[0.374s] Level 1:colcon.colcon_core.environment:create_file_with_runtime_dependencies(/home/kishore/ros2_pick_place_ws/install/robotic_arm_sim/share/colcon-core/packages/robotic_arm_sim)
[0.374s] Level 1:colcon.colcon_core.environment:create_environment_scripts_only(robotic_arm_sim)
[0.374s] Level 1:colcon.colcon_core.environment:checking '/home/kishore/ros2_pick_place_ws/install/robotic_arm_sim' for CMake module files
[0.375s] Level 1:colcon.colcon_core.environment:checking '/home/kishore/ros2_pick_place_ws/install/robotic_arm_sim' for CMake config files
[0.375s] Level 1:colcon.colcon_core.shell:create_environment_hook('robotic_arm_sim', 'cmake_prefix_path')
[0.375s] INFO:colcon.colcon_core.shell:Creating environment hook '/home/kishore/ros2_pick_place_ws/install/robotic_arm_sim/share/robotic_arm_sim/hook/cmake_prefix_path.ps1'
[0.375s] INFO:colcon.colcon_core.shell:Creating environment descriptor '/home/kishore/ros2_pick_place_ws/install/robotic_arm_sim/share/robotic_arm_sim/hook/cmake_prefix_path.dsv'
[0.375s] INFO:colcon.colcon_core.shell:Creating environment hook '/home/kishore/ros2_pick_place_ws/install/robotic_arm_sim/share/robotic_arm_sim/hook/cmake_prefix_path.sh'
[0.376s] Level 1:colcon.colcon_core.environment:checking '/home/kishore/ros2_pick_place_ws/install/robotic_arm_sim/lib'
[0.376s] Level 1:colcon.colcon_core.environment:checking '/home/kishore/ros2_pick_place_ws/install/robotic_arm_sim/bin'
[0.376s] Level 1:colcon.colcon_core.environment:checking '/home/kishore/ros2_pick_place_ws/install/robotic_arm_sim/lib/pkgconfig/robotic_arm_sim.pc'
[0.376s] Level 1:colcon.colcon_core.environment:checking '/home/kishore/ros2_pick_place_ws/install/robotic_arm_sim/lib/python3.10/site-packages'
[0.376s] Level 1:colcon.colcon_core.environment:checking '/home/kishore/ros2_pick_place_ws/install/robotic_arm_sim/bin'
[0.376s] INFO:colcon.colcon_core.shell:Creating package script '/home/kishore/ros2_pick_place_ws/install/robotic_arm_sim/share/robotic_arm_sim/package.ps1'
[0.377s] INFO:colcon.colcon_core.shell:Creating package descriptor '/home/kishore/ros2_pick_place_ws/install/robotic_arm_sim/share/robotic_arm_sim/package.dsv'
[0.377s] INFO:colcon.colcon_core.shell:Creating package script '/home/kishore/ros2_pick_place_ws/install/robotic_arm_sim/share/robotic_arm_sim/package.sh'
[0.377s] INFO:colcon.colcon_core.shell:Creating package script '/home/kishore/ros2_pick_place_ws/install/robotic_arm_sim/share/robotic_arm_sim/package.bash'
[0.377s] INFO:colcon.colcon_core.shell:Creating package script '/home/kishore/ros2_pick_place_ws/install/robotic_arm_sim/share/robotic_arm_sim/package.zsh'
[0.377s] Level 1:colcon.colcon_core.environment:create_file_with_runtime_dependencies(/home/kishore/ros2_pick_place_ws/install/robotic_arm_sim/share/colcon-core/packages/robotic_arm_sim)
[0.379s] Level 1:colcon.colcon_core.environment:create_environment_scripts_only(arm_gazebo)
[0.379s] Level 1:colcon.colcon_core.environment:checking '/home/kishore/ros2_pick_place_ws/install/arm_gazebo' for CMake module files
[0.380s] DEBUG:colcon.colcon_core.event_handler.log_command:Invoked command in '/home/kishore/ros2_pick_place_ws/build/arm_gazebo' returned '0': CMAKE_PREFIX_PATH=/opt/ros/humble /usr/bin/cmake --install /home/kishore/ros2_pick_place_ws/build/arm_gazebo
[0.380s] Level 1:colcon.colcon_core.environment:checking '/home/kishore/ros2_pick_place_ws/install/arm_gazebo' for CMake config files
[0.381s] Level 1:colcon.colcon_core.shell:create_environment_hook('arm_gazebo', 'cmake_prefix_path')
[0.381s] INFO:colcon.colcon_core.shell:Creating environment hook '/home/kishore/ros2_pick_place_ws/install/arm_gazebo/share/arm_gazebo/hook/cmake_prefix_path.ps1'
[0.382s] INFO:colcon.colcon_core.shell:Creating environment descriptor '/home/kishore/ros2_pick_place_ws/install/arm_gazebo/share/arm_gazebo/hook/cmake_prefix_path.dsv'
[0.382s] INFO:colcon.colcon_core.shell:Creating environment hook '/home/kishore/ros2_pick_place_ws/install/arm_gazebo/share/arm_gazebo/hook/cmake_prefix_path.sh'
[0.383s] Level 1:colcon.colcon_core.environment:checking '/home/kishore/ros2_pick_place_ws/install/arm_gazebo/bin'
[0.383s] Level 1:colcon.colcon_core.environment:checking '/home/kishore/ros2_pick_place_ws/install/arm_gazebo/lib/pkgconfig/arm_gazebo.pc'
[0.383s] Level 1:colcon.colcon_core.environment:checking '/home/kishore/ros2_pick_place_ws/install/arm_gazebo/lib/python3.10/site-packages'
[0.383s] Level 1:colcon.colcon_core.environment:checking '/home/kishore/ros2_pick_place_ws/install/arm_gazebo/bin'
[0.384s] INFO:colcon.colcon_core.shell:Creating package script '/home/kishore/ros2_pick_place_ws/install/arm_gazebo/share/arm_gazebo/package.ps1'
[0.384s] INFO:colcon.colcon_core.shell:Creating package descriptor '/home/kishore/ros2_pick_place_ws/install/arm_gazebo/share/arm_gazebo/package.dsv'
[0.385s] INFO:colcon.colcon_core.shell:Creating package script '/home/kishore/ros2_pick_place_ws/install/arm_gazebo/share/arm_gazebo/package.sh'
[0.385s] INFO:colcon.colcon_core.shell:Creating package script '/home/kishore/ros2_pick_place_ws/install/arm_gazebo/share/arm_gazebo/package.bash'
[0.385s] INFO:colcon.colcon_core.shell:Creating package script '/home/kishore/ros2_pick_place_ws/install/arm_gazebo/share/arm_gazebo/package.zsh'
[0.385s] Level 1:colcon.colcon_core.environment:create_file_with_runtime_dependencies(/home/kishore/ros2_pick_place_ws/install/arm_gazebo/share/colcon-core/packages/arm_gazebo)
[0.386s] Level 1:colcon.colcon_core.environment:create_environment_scripts_only(arm_gazebo)
[0.386s] Level 1:colcon.colcon_core.environment:checking '/home/kishore/ros2_pick_place_ws/install/arm_gazebo' for CMake module files
[0.386s] Level 1:colcon.colcon_core.environment:checking '/home/kishore/ros2_pick_place_ws/install/arm_gazebo' for CMake config files
[0.386s] Level 1:colcon.colcon_core.shell:create_environment_hook('arm_gazebo', 'cmake_prefix_path')
[0.387s] INFO:colcon.colcon_core.shell:Creating environment hook '/home/kishore/ros2_pick_place_ws/install/arm_gazebo/share/arm_gazebo/hook/cmake_prefix_path.ps1'
[0.387s] INFO:colcon.colcon_core.shell:Creating environment descriptor '/home/kishore/ros2_pick_place_ws/install/arm_gazebo/share/arm_gazebo/hook/cmake_prefix_path.dsv'
[0.387s] INFO:colcon.colcon_core.shell:Creating environment hook '/home/kishore/ros2_pick_place_ws/install/arm_gazebo/share/arm_gazebo/hook/cmake_prefix_path.sh'
[0.388s] Level 1:colcon.colcon_core.environment:checking '/home/kishore/ros2_pick_place_ws/install/arm_gazebo/bin'
[0.388s] Level 1:colcon.colcon_core.environment:checking '/home/kishore/ros2_pick_place_ws/install/arm_gazebo/lib/pkgconfig/arm_gazebo.pc'
[0.388s] Level 1:colcon.colcon_core.environment:checking '/home/kishore/ros2_pick_place_ws/install/arm_gazebo/lib/python3.10/site-packages'
[0.389s] Level 1:colcon.colcon_core.environment:checking '/home/kishore/ros2_pick_place_ws/install/arm_gazebo/bin'
[0.389s] INFO:colcon.colcon_core.shell:Creating package script '/home/kishore/ros2_pick_place_ws/install/arm_gazebo/share/arm_gazebo/package.ps1'
[0.389s] INFO:colcon.colcon_core.shell:Creating package descriptor '/home/kishore/ros2_pick_place_ws/install/arm_gazebo/share/arm_gazebo/package.dsv'
[0.390s] INFO:colcon.colcon_core.shell:Creating package script '/home/kishore/ros2_pick_place_ws/install/arm_gazebo/share/arm_gazebo/package.sh'
[0.390s] INFO:colcon.colcon_core.shell:Creating package script '/home/kishore/ros2_pick_place_ws/install/arm_gazebo/share/arm_gazebo/package.bash'
[0.390s] INFO:colcon.colcon_core.shell:Creating package script '/home/kishore/ros2_pick_place_ws/install/arm_gazebo/share/arm_gazebo/package.zsh'
[0.391s] Level 1:colcon.colcon_core.environment:create_file_with_runtime_dependencies(/home/kishore/ros2_pick_place_ws/install/arm_gazebo/share/colcon-core/packages/arm_gazebo)
[0.391s] DEBUG:colcon.colcon_parallel_executor.executor.parallel:closing loop
[0.391s] DEBUG:colcon.colcon_parallel_executor.executor.parallel:loop closed
[0.391s] DEBUG:colcon.colcon_parallel_executor.executor.parallel:run_until_complete finished with '0'
[0.392s] DEBUG:colcon.colcon_core.event_reactor:joining thread
[0.397s] INFO:colcon.colcon_core.plugin_system:Skipping extension 'colcon_notification.desktop_notification.terminal_notifier': Not used on non-Darwin systems
[0.397s] INFO:colcon.colcon_core.plugin_system:Skipping extension 'colcon_notification.desktop_notification.win32': Not used on non-Windows systems
[0.397s] INFO:colcon.colcon_notification.desktop_notification:Sending desktop notification using 'notify2'
[0.405s] DEBUG:colcon.colcon_core.event_reactor:joined thread
[0.406s] INFO:colcon.colcon_core.shell:Creating prefix script '/home/kishore/ros2_pick_place_ws/install/local_setup.ps1'
[0.407s] INFO:colcon.colcon_core.shell:Creating prefix util module '/home/kishore/ros2_pick_place_ws/install/_local_setup_util_ps1.py'
[0.409s] INFO:colcon.colcon_core.shell:Creating prefix chain script '/home/kishore/ros2_pick_place_ws/install/setup.ps1'
[0.410s] INFO:colcon.colcon_core.shell:Creating prefix script '/home/kishore/ros2_pick_place_ws/install/local_setup.sh'
[0.411s] INFO:colcon.colcon_core.shell:Creating prefix util module '/home/kishore/ros2_pick_place_ws/install/_local_setup_util_sh.py'
[0.411s] INFO:colcon.colcon_core.shell:Creating prefix chain script '/home/kishore/ros2_pick_place_ws/install/setup.sh'
[0.413s] INFO:colcon.colcon_core.shell:Creating prefix script '/home/kishore/ros2_pick_place_ws/install/local_setup.bash'
[0.413s] INFO:colcon.colcon_core.shell:Creating prefix chain script '/home/kishore/ros2_pick_place_ws/install/setup.bash'
[0.414s] INFO:colcon.colcon_core.shell:Creating prefix script '/home/kishore/ros2_pick_place_ws/install/local_setup.zsh'
[0.414s] INFO:colcon.colcon_core.shell:Creating prefix chain script '/home/kishore/ros2_pick_place_ws/install/setup.zsh'
