-- The C compiler identification is GNU 11.4.0
-- The CXX compiler identification is GNU 11.4.0
-- Detecting C compiler ABI info
-- Detecting C compiler ABI info - done
-- Check for working C compiler: /usr/bin/cc - skipped
-- Detecting C compile features
-- Detecting C compile features - done
-- Detecting CXX compiler ABI info
-- Detecting CXX compiler ABI info - done
-- Check for working CXX compiler: /usr/bin/c++ - skipped
-- Detecting CXX compile features
-- Detecting CXX compile features - done
-- Found ament_cmake: 1.3.12 (/opt/ros/humble/share/ament_cmake/cmake)
-- Found Python3: /usr/bin/python3 (found version "3.10.12") found components: Interpreter 
-- Found rclcpp: 16.0.15 (/opt/ros/humble/share/rclcpp/cmake)
-- Found rosidl_generator_c: 3.1.7 (/opt/ros/humble/share/rosidl_generator_c/cmake)
-- Found rosidl_adapter: 3.1.7 (/opt/ros/humble/share/rosidl_adapter/cmake)
-- Found rosidl_generator_cpp: 3.1.7 (/opt/ros/humble/share/rosidl_generator_cpp/cmake)
-- Using all available rosidl_typesupport_c: rosidl_typesupport_fastrtps_c;rosidl_typesupport_introspection_c
-- Using all available rosidl_typesupport_cpp: rosidl_typesupport_fastrtps_cpp;rosidl_typesupport_introspection_cpp
-- Found rmw_implementation_cmake: 6.1.2 (/opt/ros/humble/share/rmw_implementation_cmake/cmake)
-- Found rmw_fastrtps_cpp: 6.2.8 (/opt/ros/humble/share/rmw_fastrtps_cpp/cmake)
-- Found OpenSSL: /usr/lib/x86_64-linux-gnu/libcrypto.so (found version "3.0.2")  
-- Found FastRTPS: /opt/ros/humble/include  
-- Using RMW implementation 'rmw_fastrtps_cpp' as default
-- Looking for pthread.h
-- Looking for pthread.h - found
-- Performing Test CMAKE_HAVE_LIBC_PTHREAD
-- Performing Test CMAKE_HAVE_LIBC_PTHREAD - Success
-- Found Threads: TRUE  
-- Found geometry_msgs: 4.9.0 (/opt/ros/humble/share/geometry_msgs/cmake)
-- Found tf2: 0.25.16 (/opt/ros/humble/share/tf2/cmake)
-- Found tf2_ros: 0.25.16 (/opt/ros/humble/share/tf2_ros/cmake)
-- Found gazebo_ros_pkgs: 3.9.0 (/opt/ros/humble/share/gazebo_ros_pkgs/cmake)
-- Found ament_lint_auto: 0.12.14 (/opt/ros/humble/share/ament_lint_auto/cmake)
-- Configuring done
-- Generating done
-- Build files have been written to: /home/kishore/ros2_pick_place_ws/build/robotic_arm_sim
-- Install configuration: ""
-- Installing: /home/kishore/ros2_pick_place_ws/install/robotic_arm_sim/share/robotic_arm_sim/urdf
-- Installing: /home/kishore/ros2_pick_place_ws/install/robotic_arm_sim/share/robotic_arm_sim/urdf/arm.urdf
-- Installing: /home/kishore/ros2_pick_place_ws/install/robotic_arm_sim/share/robotic_arm_sim/launch
-- Installing: /home/kishore/ros2_pick_place_ws/install/robotic_arm_sim/share/robotic_arm_sim/launch/arm_gazebo.launch.py
-- Installing: /home/kishore/ros2_pick_place_ws/install/robotic_arm_sim/lib/robotic_arm_sim/pick_place_controller.py
-- Installing: /home/kishore/ros2_pick_place_ws/install/robotic_arm_sim/share/ament_index/resource_index/package_run_dependencies/robotic_arm_sim
-- Installing: /home/kishore/ros2_pick_place_ws/install/robotic_arm_sim/share/ament_index/resource_index/parent_prefix_path/robotic_arm_sim
-- Installing: /home/kishore/ros2_pick_place_ws/install/robotic_arm_sim/share/robotic_arm_sim/environment/ament_prefix_path.sh
-- Installing: /home/kishore/ros2_pick_place_ws/install/robotic_arm_sim/share/robotic_arm_sim/environment/ament_prefix_path.dsv
-- Installing: /home/kishore/ros2_pick_place_ws/install/robotic_arm_sim/share/robotic_arm_sim/environment/path.sh
-- Installing: /home/kishore/ros2_pick_place_ws/install/robotic_arm_sim/share/robotic_arm_sim/environment/path.dsv
-- Installing: /home/kishore/ros2_pick_place_ws/install/robotic_arm_sim/share/robotic_arm_sim/local_setup.bash
-- Installing: /home/kishore/ros2_pick_place_ws/install/robotic_arm_sim/share/robotic_arm_sim/local_setup.sh
-- Installing: /home/kishore/ros2_pick_place_ws/install/robotic_arm_sim/share/robotic_arm_sim/local_setup.zsh
-- Installing: /home/kishore/ros2_pick_place_ws/install/robotic_arm_sim/share/robotic_arm_sim/local_setup.dsv
-- Installing: /home/kishore/ros2_pick_place_ws/install/robotic_arm_sim/share/robotic_arm_sim/package.dsv
-- Installing: /home/kishore/ros2_pick_place_ws/install/robotic_arm_sim/share/ament_index/resource_index/packages/robotic_arm_sim
-- Installing: /home/kishore/ros2_pick_place_ws/install/robotic_arm_sim/share/robotic_arm_sim/cmake/robotic_arm_simConfig.cmake
-- Installing: /home/kishore/ros2_pick_place_ws/install/robotic_arm_sim/share/robotic_arm_sim/cmake/robotic_arm_simConfig-version.cmake
-- Installing: /home/kishore/ros2_pick_place_ws/install/robotic_arm_sim/share/robotic_arm_sim/package.xml
