[0.006s] Invoking command in '/home/kishore/ros2_pick_place_ws/build/robotic_arm_sim': CMAKE_PREFIX_PATH=/opt/ros/humble /usr/bin/cmake /home/kishore/ros2_pick_place_ws/src/robotic_arm_sim -DCMAKE_INSTALL_PREFIX=/home/kishore/ros2_pick_place_ws/install/robotic_arm_sim
[0.079s] -- The C compiler identification is GNU 11.4.0
[0.164s] -- The CXX compiler identification is GNU 11.4.0
[0.175s] -- Detecting C compiler ABI info
[0.277s] -- Detecting C compiler ABI info - done
[0.290s] -- Check for working C compiler: /usr/bin/cc - skipped
[0.291s] -- Detecting C compile features
[0.291s] -- Detecting C compile features - done
[0.296s] -- Detecting CXX compiler ABI info
[0.412s] -- Detecting CXX compiler ABI info - done
[0.423s] -- Check for working CXX compiler: /usr/bin/c++ - skipped
[0.423s] -- Detecting CXX compile features
[0.424s] -- Detecting CXX compile features - done
[0.427s] -- Found ament_cmake: 1.3.12 (/opt/ros/humble/share/ament_cmake/cmake)
[0.639s] -- Found Python3: /usr/bin/python3 (found version "3.10.12") found components: Interpreter 
[0.739s] -- Found rclcpp: 16.0.15 (/opt/ros/humble/share/rclcpp/cmake)
[0.773s] -- Found rosidl_generator_c: 3.1.7 (/opt/ros/humble/share/rosidl_generator_c/cmake)
[0.776s] -- Found rosidl_adapter: 3.1.7 (/opt/ros/humble/share/rosidl_adapter/cmake)
[0.781s] -- Found rosidl_generator_cpp: 3.1.7 (/opt/ros/humble/share/rosidl_generator_cpp/cmake)
[0.788s] -- Using all available rosidl_typesupport_c: rosidl_typesupport_fastrtps_c;rosidl_typesupport_introspection_c
[0.798s] -- Using all available rosidl_typesupport_cpp: rosidl_typesupport_fastrtps_cpp;rosidl_typesupport_introspection_cpp
[0.824s] -- Found rmw_implementation_cmake: 6.1.2 (/opt/ros/humble/share/rmw_implementation_cmake/cmake)
[0.826s] -- Found rmw_fastrtps_cpp: 6.2.8 (/opt/ros/humble/share/rmw_fastrtps_cpp/cmake)
[0.917s] -- Found OpenSSL: /usr/lib/x86_64-linux-gnu/libcrypto.so (found version "3.0.2")  
[0.957s] -- Found FastRTPS: /opt/ros/humble/include  
[1.012s] -- Using RMW implementation 'rmw_fastrtps_cpp' as default
[1.025s] -- Looking for pthread.h
[1.130s] -- Looking for pthread.h - found
[1.131s] -- Performing Test CMAKE_HAVE_LIBC_PTHREAD
[1.237s] -- Performing Test CMAKE_HAVE_LIBC_PTHREAD - Success
[1.240s] -- Found Threads: TRUE  
[1.311s] -- Found geometry_msgs: 4.9.0 (/opt/ros/humble/share/geometry_msgs/cmake)
[1.331s] -- Found tf2: 0.25.16 (/opt/ros/humble/share/tf2/cmake)
[1.352s] -- Found tf2_ros: 0.25.16 (/opt/ros/humble/share/tf2_ros/cmake)
[1.501s] -- Found gazebo_ros_pkgs: 3.9.0 (/opt/ros/humble/share/gazebo_ros_pkgs/cmake)
[1.504s] -- Found ament_lint_auto: 0.12.14 (/opt/ros/humble/share/ament_lint_auto/cmake)
[1.590s] -- Configuring done
[1.592s] -- Generating done
[1.594s] -- Build files have been written to: /home/kishore/ros2_pick_place_ws/build/robotic_arm_sim
[1.602s] Invoked command in '/home/kishore/ros2_pick_place_ws/build/robotic_arm_sim' returned '0': CMAKE_PREFIX_PATH=/opt/ros/humble /usr/bin/cmake /home/kishore/ros2_pick_place_ws/src/robotic_arm_sim -DCMAKE_INSTALL_PREFIX=/home/kishore/ros2_pick_place_ws/install/robotic_arm_sim
[1.604s] Invoking command in '/home/kishore/ros2_pick_place_ws/build/robotic_arm_sim': CMAKE_PREFIX_PATH=/opt/ros/humble /usr/bin/cmake --build /home/kishore/ros2_pick_place_ws/build/robotic_arm_sim -- -j12 -l12
[1.663s] Invoked command in '/home/kishore/ros2_pick_place_ws/build/robotic_arm_sim' returned '0': CMAKE_PREFIX_PATH=/opt/ros/humble /usr/bin/cmake --build /home/kishore/ros2_pick_place_ws/build/robotic_arm_sim -- -j12 -l12
[1.677s] Invoking command in '/home/kishore/ros2_pick_place_ws/build/robotic_arm_sim': CMAKE_PREFIX_PATH=/opt/ros/humble /usr/bin/cmake --install /home/kishore/ros2_pick_place_ws/build/robotic_arm_sim
[1.688s] -- Install configuration: ""
[1.688s] -- Installing: /home/kishore/ros2_pick_place_ws/install/robotic_arm_sim/share/robotic_arm_sim/urdf
[1.689s] -- Installing: /home/kishore/ros2_pick_place_ws/install/robotic_arm_sim/share/robotic_arm_sim/urdf/arm.urdf
[1.689s] -- Installing: /home/kishore/ros2_pick_place_ws/install/robotic_arm_sim/share/robotic_arm_sim/launch
[1.689s] -- Installing: /home/kishore/ros2_pick_place_ws/install/robotic_arm_sim/share/robotic_arm_sim/launch/arm_gazebo.launch.py
[1.689s] -- Installing: /home/kishore/ros2_pick_place_ws/install/robotic_arm_sim/lib/robotic_arm_sim/pick_place_controller.py
[1.689s] -- Installing: /home/kishore/ros2_pick_place_ws/install/robotic_arm_sim/share/ament_index/resource_index/package_run_dependencies/robotic_arm_sim
[1.689s] -- Installing: /home/kishore/ros2_pick_place_ws/install/robotic_arm_sim/share/ament_index/resource_index/parent_prefix_path/robotic_arm_sim
[1.690s] -- Installing: /home/kishore/ros2_pick_place_ws/install/robotic_arm_sim/share/robotic_arm_sim/environment/ament_prefix_path.sh
[1.690s] -- Installing: /home/kishore/ros2_pick_place_ws/install/robotic_arm_sim/share/robotic_arm_sim/environment/ament_prefix_path.dsv
[1.690s] -- Installing: /home/kishore/ros2_pick_place_ws/install/robotic_arm_sim/share/robotic_arm_sim/environment/path.sh
[1.690s] -- Installing: /home/kishore/ros2_pick_place_ws/install/robotic_arm_sim/share/robotic_arm_sim/environment/path.dsv
[1.690s] -- Installing: /home/kishore/ros2_pick_place_ws/install/robotic_arm_sim/share/robotic_arm_sim/local_setup.bash
[1.690s] -- Installing: /home/kishore/ros2_pick_place_ws/install/robotic_arm_sim/share/robotic_arm_sim/local_setup.sh
[1.690s] -- Installing: /home/kishore/ros2_pick_place_ws/install/robotic_arm_sim/share/robotic_arm_sim/local_setup.zsh
[1.691s] -- Installing: /home/kishore/ros2_pick_place_ws/install/robotic_arm_sim/share/robotic_arm_sim/local_setup.dsv
[1.691s] -- Installing: /home/kishore/ros2_pick_place_ws/install/robotic_arm_sim/share/robotic_arm_sim/package.dsv
[1.691s] -- Installing: /home/kishore/ros2_pick_place_ws/install/robotic_arm_sim/share/ament_index/resource_index/packages/robotic_arm_sim
[1.691s] -- Installing: /home/kishore/ros2_pick_place_ws/install/robotic_arm_sim/share/robotic_arm_sim/cmake/robotic_arm_simConfig.cmake
[1.691s] -- Installing: /home/kishore/ros2_pick_place_ws/install/robotic_arm_sim/share/robotic_arm_sim/cmake/robotic_arm_simConfig-version.cmake
[1.691s] -- Installing: /home/kishore/ros2_pick_place_ws/install/robotic_arm_sim/share/robotic_arm_sim/package.xml
[1.693s] Invoked command in '/home/kishore/ros2_pick_place_ws/build/robotic_arm_sim' returned '0': CMAKE_PREFIX_PATH=/opt/ros/humble /usr/bin/cmake --install /home/kishore/ros2_pick_place_ws/build/robotic_arm_sim
